WorkFrame/app/build/outputs/logs/manifest-merger-debug-report.txt
-- Merging decision tree log ---
manifest
ADDED from src\main\AndroidManifest.xml:2:1-47:12
INJECTED from src\main\AndroidManifest.xml:2:1-47:12
INJECTED from src\main\AndroidManifest.xml:2:1-47:12
INJECTED from src\main\AndroidManifest.xml:2:1-47:12
MERGED from [androidx.databinding:databinding-adapters:3.2.0] AndroidManifest.xml:17:1-24:12
MERGED from [androidx.databinding:databinding-runtime:3.2.0] AndroidManifest.xml:17:1-24:12
MERGED from [androidx.constraintlayout:constraintlayout:1.1.2] AndroidManifest.xml:2:1-11:12
MERGED from [:work-frame-library] AndroidManifest.xml:2:1-19:12
MERGED from [com.zhy:okhttputils:2.6.2] AndroidManifest.xml:2:1-11:12
MERGED from [com.airbnb.android:lottie:3.0.3] AndroidManifest.xml:2:1-11:12
MERGED from [com.wang.avi:library:2.1.3] AndroidManifest.xml:2:1-11:12
MERGED from [pub.devrel:easypermissions:1.3.0] AndroidManifest.xml:2:1-19:12
MERGED from [com.sackcentury:shinebutton:0.2.0] AndroidManifest.xml:2:1-17:12
MERGED from [com.github.zcweng:switch-button:0.0.3] AndroidManifest.xml:2:1-11:12
MERGED from [com.contrarywind:Android-PickerView:4.1.6] AndroidManifest.xml:2:1-11:12
MERGED from [com.github.zengzhaoxing:SharpView:v2.4.4] AndroidManifest.xml:2:1-11:12
MERGED from [com.lxj:xpopup:1.8.10-x] AndroidManifest.xml:2:1-11:12
MERGED from [com.github.razerdp:BasePopup:2.2.1] AndroidManifest.xml:2:1-19:12
MERGED from [com.github.rey5137:material:1.2.4] AndroidManifest.xml:2:1-11:12
MERGED from [com.google.android.material:material:1.0.0-rc01] AndroidManifest.xml:17:1-24:12
MERGED from [androidx.cardview:cardview:1.0.0] AndroidManifest.xml:17:1-22:12
MERGED from [com.lxj:easyadapter:1.1.1] AndroidManifest.xml:2:1-11:12
MERGED from [androidx.recyclerview:recyclerview:1.0.0] AndroidManifest.xml:17:1-22:12
MERGED from [no.nordicsemi.android:ble:2.1.1] AndroidManifest.xml:2:1-14:12
MERGED from [no.nordicsemi.android.support.v18:scanner:1.0.0] AndroidManifest.xml:2:1-12:12
MERGED from [no.nordicsemi.android:log:2.1.1] AndroidManifest.xml:2:1-13:12
MERGED from [com.github.devlight.navigationtabstrip:navigationtabstrip:1.0.4] AndroidManifest.xml:14:1-29:12
MERGED from [com.github.hackware1993:MagicIndicator:1.6.0] AndroidManifest.xml:2:1-9:12
MERGED from [com.daasuu:EasingInterpolator:1.0.0] AndroidManifest.xml:2:1-17:12
MERGED from [com.lxj:xpermission:1.0.1] AndroidManifest.xml:2:1-22:12
MERGED from [androidx.appcompat:appcompat:1.0.0] AndroidManifest.xml:17:1-22:12
MERGED from [androidx.fragment:fragment:1.0.0] AndroidManifest.xml:17:1-22:12
MERGED from [androidx.vectordrawable:vectordrawable-animated:1.0.0] AndroidManifest.xml:17:1-22:12
MERGED from [androidx.legacy:legacy-support-core-ui:1.0.0] AndroidManifest.xml:17:1-22:12
MERGED from [androidx.transition:transition:1.0.0-rc01] AndroidManifest.xml:17:1-22:12
MERGED from [androidx.legacy:legacy-support-core-utils:1.0.0] AndroidManifest.xml:17:1-22:12
MERGED from [androidx.vectordrawable:vectordrawable:1.0.0] AndroidManifest.xml:17:1-22:12
MERGED from [androidx.viewpager:viewpager:1.0.0] AndroidManifest.xml:17:1-22:12
MERGED from [androidx.coordinatorlayout:coordinatorlayout:1.0.0] AndroidManifest.xml:17:1-22:12
MERGED from [androidx.drawerlayout:drawerlayout:1.0.0] AndroidManifest.xml:17:1-22:12
MERGED from [androidx.slidingpanelayout:slidingpanelayout:1.0.0] AndroidManifest.xml:17:1-22:12
MERGED from [androidx.customview:customview:1.0.0] AndroidManifest.xml:17:1-22:12
MERGED from [androidx.swiperefreshlayout:swiperefreshlayout:1.0.0] AndroidManifest.xml:17:1-22:12
MERGED from [androidx.asynclayoutinflater:asynclayoutinflater:1.0.0] AndroidManifest.xml:17:1-22:12
MERGED from [androidx.loader:loader:1.0.0] AndroidManifest.xml:17:1-22:12
MERGED from [androidx.core:core:1.0.0] AndroidManifest.xml:17:1-24:12
MERGED from [androidx.lifecycle:lifecycle-runtime:2.0.0] AndroidManifest.xml:17:1-22:12
MERGED from [androidx.versionedparcelable:versionedparcelable:1.0.0] AndroidManifest.xml:17:1-25:12
MERGED from [com.contrarywind:wheelview:4.0.8] AndroidManifest.xml:2:1-17:12
MERGED from [androidx.cursoradapter:cursoradapter:1.0.0] AndroidManifest.xml:17:1-22:12
MERGED from [androidx.interpolator:interpolator:1.0.0] AndroidManifest.xml:17:1-22:12
MERGED from [androidx.documentfile:documentfile:1.0.0] AndroidManifest.xml:17:1-22:12
MERGED from [androidx.localbroadcastmanager:localbroadcastmanager:1.0.0] AndroidManifest.xml:17:1-22:12
MERGED from [androidx.print:print:1.0.0] AndroidManifest.xml:17:1-22:12
MERGED from [androidx.lifecycle:lifecycle-viewmodel:2.0.0] AndroidManifest.xml:17:1-22:12
MERGED from [androidx.lifecycle:lifecycle-livedata:2.0.0] AndroidManifest.xml:17:1-22:12
MERGED from [androidx.lifecycle:lifecycle-livedata-core:2.0.0] AndroidManifest.xml:17:1-22:12
MERGED from [androidx.arch.core:core-runtime:2.0.0] AndroidManifest.xml:17:1-22:12
INJECTED from src\main\AndroidManifest.xml:2:1-47:12
INJECTED from src\main\AndroidManifest.xml:2:1-47:12
INJECTED from src\main\AndroidManifest.xml:2:1-47:12
	package
		ADDED from src\main\AndroidManifest.xml:2:70-99
		INJECTED from src\main\AndroidManifest.xml
		INJECTED from src\main\AndroidManifest.xml
	android:versionName
		INJECTED from src\main\AndroidManifest.xml
		ADDED from src\main\AndroidManifest.xml:2:1-47:12
		INJECTED from src\main\AndroidManifest.xml
	android:versionCode
		INJECTED from src\main\AndroidManifest.xml
		ADDED from src\main\AndroidManifest.xml:2:1-47:12
		INJECTED from src\main\AndroidManifest.xml
	xmlns:android
		ADDED from src\main\AndroidManifest.xml:2:11-69
uses-permission#android.permission.INTERNET
ADDED from src\main\AndroidManifest.xml:4:5-67
	android:name
		ADDED from src\main\AndroidManifest.xml:4:22-64
uses-permission#android.permission.ACCESS_NETWORK_STATE
ADDED from src\main\AndroidManifest.xml:6:5-95
	android:name
		ADDED from src\main\AndroidManifest.xml:6:22-76
uses-permission#android.permission.BLUETOOTH_ADMIN
ADDED from src\main\AndroidManifest.xml:8:5-90
MERGED from [no.nordicsemi.android:ble:2.1.1] AndroidManifest.xml:12:5-74
MERGED from [no.nordicsemi.android:ble:2.1.1] AndroidManifest.xml:12:5-74
	android:name
		ADDED from src\main\AndroidManifest.xml:8:22-71
uses-permission#android.permission.BLUETOOTH
ADDED from src\main\AndroidManifest.xml:9:5-84
MERGED from [no.nordicsemi.android:ble:2.1.1] AndroidManifest.xml:11:5-68
MERGED from [no.nordicsemi.android:ble:2.1.1] AndroidManifest.xml:11:5-68
	android:name
		ADDED from src\main\AndroidManifest.xml:9:22-65
uses-feature#android.hardware.bluetooth_le
ADDED from src\main\AndroidManifest.xml:10:5-12:35
	android:required
		ADDED from src\main\AndroidManifest.xml:12:9-32
	android:name
		ADDED from src\main\AndroidManifest.xml:11:9-53
uses-permission#android.permission.CAMERA
ADDED from src\main\AndroidManifest.xml:14:5-81
	android:name
		ADDED from src\main\AndroidManifest.xml:14:22-62
application
ADDED from src\main\AndroidManifest.xml:16:5-45:19
MERGED from [androidx.constraintlayout:constraintlayout:1.1.2] AndroidManifest.xml:9:5-20
MERGED from [androidx.constraintlayout:constraintlayout:1.1.2] AndroidManifest.xml:9:5-20
MERGED from [:work-frame-library] AndroidManifest.xml:16:5-17:19
MERGED from [:work-frame-library] AndroidManifest.xml:16:5-17:19
MERGED from [com.airbnb.android:lottie:3.0.3] AndroidManifest.xml:9:5-20
MERGED from [com.airbnb.android:lottie:3.0.3] AndroidManifest.xml:9:5-20
MERGED from [pub.devrel:easypermissions:1.3.0] AndroidManifest.xml:11:5-17:19
MERGED from [pub.devrel:easypermissions:1.3.0] AndroidManifest.xml:11:5-17:19
MERGED from [com.sackcentury:shinebutton:0.2.0] AndroidManifest.xml:11:5-15:19
MERGED from [com.sackcentury:shinebutton:0.2.0] AndroidManifest.xml:11:5-15:19
MERGED from [com.github.razerdp:BasePopup:2.2.1] AndroidManifest.xml:11:5-17:19
MERGED from [com.github.razerdp:BasePopup:2.2.1] AndroidManifest.xml:11:5-17:19
MERGED from [com.google.android.material:material:1.0.0-rc01] AndroidManifest.xml:22:5-20
MERGED from [com.google.android.material:material:1.0.0-rc01] AndroidManifest.xml:22:5-20
MERGED from [no.nordicsemi.android:log:2.1.1] AndroidManifest.xml:11:5-53
MERGED from [no.nordicsemi.android:log:2.1.1] AndroidManifest.xml:11:5-53
MERGED from [com.github.devlight.navigationtabstrip:navigationtabstrip:1.0.4] AndroidManifest.xml:23:5-27:19
MERGED from [com.github.devlight.navigationtabstrip:navigationtabstrip:1.0.4] AndroidManifest.xml:23:5-27:19
MERGED from [com.daasuu:EasingInterpolator:1.0.0] AndroidManifest.xml:11:5-15:19
MERGED from [com.daasuu:EasingInterpolator:1.0.0] AndroidManifest.xml:11:5-15:19
MERGED from [com.lxj:xpermission:1.0.1] AndroidManifest.xml:11:5-20:19
MERGED from [com.lxj:xpermission:1.0.1] AndroidManifest.xml:11:5-20:19
MERGED from [androidx.core:core:1.0.0] AndroidManifest.xml:22:5-89
MERGED from [androidx.core:core:1.0.0] AndroidManifest.xml:22:5-89
MERGED from [androidx.versionedparcelable:versionedparcelable:1.0.0] AndroidManifest.xml:22:5-23:19
MERGED from [androidx.versionedparcelable:versionedparcelable:1.0.0] AndroidManifest.xml:22:5-23:19
MERGED from [com.contrarywind:wheelview:4.0.8] AndroidManifest.xml:11:5-15:19
MERGED from [com.contrarywind:wheelview:4.0.8] AndroidManifest.xml:11:5-15:19
	android:appComponentFactory
		ADDED from [androidx.core:core:1.0.0] AndroidManifest.xml:22:18-86
	android:supportsRtl
		ADDED from src\main\AndroidManifest.xml:20:9-35
	android:label
		ADDED from src\main\AndroidManifest.xml:18:9-41
	android:roundIcon
		ADDED from src\main\AndroidManifest.xml:19:9-54
	android:allowBackup
		ADDED from [com.sackcentury:shinebutton:0.2.0] AndroidManifest.xml:12:9-35
	android:icon
		ADDED from src\main\AndroidManifest.xml:17:9-43
	android:theme
		ADDED from src\main\AndroidManifest.xml:22:9-40
	android:networkSecurityConfig
		ADDED from src\main\AndroidManifest.xml:21:9-69
activity#com.guoxd.workframe.MainActivity
ADDED from src\main\AndroidManifest.xml:23:9-28:20
	android:name
		ADDED from src\main\AndroidManifest.xml:23:19-47
intent-filter#action:name:android.intent.action.MAIN+category:name:android.intent.category.LAUNCHER
ADDED from src\main\AndroidManifest.xml:24:13-27:29
action#android.intent.action.MAIN
ADDED from src\main\AndroidManifest.xml:25:17-69
	android:name
		ADDED from src\main\AndroidManifest.xml:25:25-66
category#android.intent.category.LAUNCHER
ADDED from src\main\AndroidManifest.xml:26:17-77
	android:name
		ADDED from src\main\AndroidManifest.xml:26:27-74
activity#com.guoxd.workframe.ShowActivity
ADDED from src\main\AndroidManifest.xml:29:9-49
	android:name
		ADDED from src\main\AndroidManifest.xml:29:19-47
activity#com.guoxd.workframe.my_page.data_binding.DataBindingTestActivity
ADDED from src\main\AndroidManifest.xml:30:9-81
	android:name
		ADDED from src\main\AndroidManifest.xml:30:19-79
activity#com.guoxd.workframe.system.camera.Camera2Activity
ADDED from src\main\AndroidManifest.xml:31:9-66
	android:name
		ADDED from src\main\AndroidManifest.xml:31:19-64
activity#com.guoxd.workframe.SendMessageActivity
ADDED from src\main\AndroidManifest.xml:32:9-43:20
	android:name
		ADDED from src\main\AndroidManifest.xml:32:19-54
intent-filter#action:name:android.intent.action.SEND+category:name:android.intent.category.DEFAULT+data:mimeType:text/plain
ADDED from src\main\AndroidManifest.xml:33:13-42:29
action#android.intent.action.SEND
ADDED from src\main\AndroidManifest.xml:34:17-68
	android:name
		ADDED from src\main\AndroidManifest.xml:34:25-66
category#android.intent.category.DEFAULT
ADDED from src\main\AndroidManifest.xml:35:17-75
	android:name
		ADDED from src\main\AndroidManifest.xml:35:27-73
data
ADDED from src\main\AndroidManifest.xml:41:17-55
	android:mimeType
		ADDED from src\main\AndroidManifest.xml:41:23-52
service#com.guoxd.workframe.ble.BLEService
ADDED from src\main\AndroidManifest.xml:44:9-50
	android:name
		ADDED from src\main\AndroidManifest.xml:44:18-48
uses-sdk
INJECTED from src\main\AndroidManifest.xml reason: use-sdk injection requested
INJECTED from src\main\AndroidManifest.xml
INJECTED from src\main\AndroidManifest.xml
MERGED from [androidx.databinding:databinding-adapters:3.2.0] AndroidManifest.xml:22:5-44
MERGED from [androidx.databinding:databinding-adapters:3.2.0] AndroidManifest.xml:22:5-44
MERGED from [androidx.databinding:databinding-runtime:3.2.0] AndroidManifest.xml:22:5-44
MERGED from [androidx.databinding:databinding-runtime:3.2.0] AndroidManifest.xml:22:5-44
MERGED from [androidx.constraintlayout:constraintlayout:1.1.2] AndroidManifest.xml:5:5-7:41
MERGED from [androidx.constraintlayout:constraintlayout:1.1.2] AndroidManifest.xml:5:5-7:41
MERGED from [:work-frame-library] AndroidManifest.xml:7:5-9:41
MERGED from [:work-frame-library] AndroidManifest.xml:7:5-9:41
MERGED from [com.zhy:okhttputils:2.6.2] AndroidManifest.xml:7:5-9:41
MERGED from [com.zhy:okhttputils:2.6.2] AndroidManifest.xml:7:5-9:41
MERGED from [com.airbnb.android:lottie:3.0.3] AndroidManifest.xml:5:5-7:41
MERGED from [com.airbnb.android:lottie:3.0.3] AndroidManifest.xml:5:5-7:41
MERGED from [com.wang.avi:library:2.1.3] AndroidManifest.xml:7:5-9:41
MERGED from [com.wang.avi:library:2.1.3] AndroidManifest.xml:7:5-9:41
MERGED from [pub.devrel:easypermissions:1.3.0] AndroidManifest.xml:7:5-9:41
MERGED from [pub.devrel:easypermissions:1.3.0] AndroidManifest.xml:7:5-9:41
MERGED from [com.sackcentury:shinebutton:0.2.0] AndroidManifest.xml:7:5-9:41
MERGED from [com.sackcentury:shinebutton:0.2.0] AndroidManifest.xml:7:5-9:41
MERGED from [com.github.zcweng:switch-button:0.0.3] AndroidManifest.xml:7:5-9:41
MERGED from [com.github.zcweng:switch-button:0.0.3] AndroidManifest.xml:7:5-9:41
MERGED from [com.contrarywind:Android-PickerView:4.1.6] AndroidManifest.xml:7:5-9:41
MERGED from [com.contrarywind:Android-PickerView:4.1.6] AndroidManifest.xml:7:5-9:41
MERGED from [com.github.zengzhaoxing:SharpView:v2.4.4] AndroidManifest.xml:7:5-9:41
MERGED from [com.github.zengzhaoxing:SharpView:v2.4.4] AndroidManifest.xml:7:5-9:41
MERGED from [com.lxj:xpopup:1.8.10-x] AndroidManifest.xml:7:5-9:41
MERGED from [com.lxj:xpopup:1.8.10-x] AndroidManifest.xml:7:5-9:41
MERGED from [com.github.razerdp:BasePopup:2.2.1] AndroidManifest.xml:7:5-9:41
MERGED from [com.github.razerdp:BasePopup:2.2.1] AndroidManifest.xml:7:5-9:41
MERGED from [com.github.rey5137:material:1.2.4] AndroidManifest.xml:7:5-9:41
MERGED from [com.github.rey5137:material:1.2.4] AndroidManifest.xml:7:5-9:41
MERGED from [com.google.android.material:material:1.0.0-rc01] AndroidManifest.xml:20:5-44
MERGED from [com.google.android.material:material:1.0.0-rc01] AndroidManifest.xml:20:5-44
MERGED from [androidx.cardview:cardview:1.0.0] AndroidManifest.xml:20:5-44
MERGED from [androidx.cardview:cardview:1.0.0] AndroidManifest.xml:20:5-44
MERGED from [com.lxj:easyadapter:1.1.1] AndroidManifest.xml:7:5-9:41
MERGED from [com.lxj:easyadapter:1.1.1] AndroidManifest.xml:7:5-9:41
MERGED from [androidx.recyclerview:recyclerview:1.0.0] AndroidManifest.xml:20:5-44
MERGED from [androidx.recyclerview:recyclerview:1.0.0] AndroidManifest.xml:20:5-44
MERGED from [no.nordicsemi.android:ble:2.1.1] AndroidManifest.xml:7:5-9:41
MERGED from [no.nordicsemi.android:ble:2.1.1] AndroidManifest.xml:7:5-9:41
MERGED from [no.nordicsemi.android.support.v18:scanner:1.0.0] AndroidManifest.xml:8:5-10:41
MERGED from [no.nordicsemi.android.support.v18:scanner:1.0.0] AndroidManifest.xml:8:5-10:41
MERGED from [no.nordicsemi.android:log:2.1.1] AndroidManifest.xml:7:5-9:41
MERGED from [no.nordicsemi.android:log:2.1.1] AndroidManifest.xml:7:5-9:41
MERGED from [com.github.devlight.navigationtabstrip:navigationtabstrip:1.0.4] AndroidManifest.xml:19:5-21:41
MERGED from [com.github.devlight.navigationtabstrip:navigationtabstrip:1.0.4] AndroidManifest.xml:19:5-21:41
MERGED from [com.github.hackware1993:MagicIndicator:1.6.0] AndroidManifest.xml:5:5-7:41
MERGED from [com.github.hackware1993:MagicIndicator:1.6.0] AndroidManifest.xml:5:5-7:41
MERGED from [com.daasuu:EasingInterpolator:1.0.0] AndroidManifest.xml:7:5-9:41
MERGED from [com.daasuu:EasingInterpolator:1.0.0] AndroidManifest.xml:7:5-9:41
MERGED from [com.lxj:xpermission:1.0.1] AndroidManifest.xml:7:5-9:41
MERGED from [com.lxj:xpermission:1.0.1] AndroidManifest.xml:7:5-9:41
MERGED from [androidx.appcompat:appcompat:1.0.0] AndroidManifest.xml:20:5-44
MERGED from [androidx.appcompat:appcompat:1.0.0] AndroidManifest.xml:20:5-44
MERGED from [androidx.fragment:fragment:1.0.0] AndroidManifest.xml:20:5-44
MERGED from [androidx.fragment:fragment:1.0.0] AndroidManifest.xml:20:5-44
MERGED from [androidx.vectordrawable:vectordrawable-animated:1.0.0] AndroidManifest.xml:20:5-44
MERGED from [androidx.vectordrawable:vectordrawable-animated:1.0.0] AndroidManifest.xml:20:5-44
MERGED from [androidx.legacy:legacy-support-core-ui:1.0.0] AndroidManifest.xml:20:5-44
MERGED from [androidx.legacy:legacy-support-core-ui:1.0.0] AndroidManifest.xml:20:5-44
MERGED from [androidx.transition:transition:1.0.0-rc01] AndroidManifest.xml:20:5-44
MERGED from [androidx.transition:transition:1.0.0-rc01] AndroidManifest.xml:20:5-44
MERGED from [androidx.legacy:legacy-support-core-utils:1.0.0] AndroidManifest.xml:20:5-44
MERGED from [androidx.legacy:legacy-support-core-utils:1.0.0] AndroidManifest.xml:20:5-44
MERGED from [androidx.vectordrawable:vectordrawable:1.0.0] AndroidManifest.xml:20:5-44
MERGED from [androidx.vectordrawable:vectordrawable:1.0.0] AndroidManifest.xml:20:5-44
MERGED from [androidx.viewpager:viewpager:1.0.0] AndroidManifest.xml:20:5-44
MERGED from [androidx.viewpager:viewpager:1.0.0] AndroidManifest.xml:20:5-44
MERGED from [androidx.coordinatorlayout:coordinatorlayout:1.0.0] AndroidManifest.xml:20:5-44
MERGED from [androidx.coordinatorlayout:coordinatorlayout:1.0.0] AndroidManifest.xml:20:5-44
MERGED from [androidx.drawerlayout:drawerlayout:1.0.0] AndroidManifest.xml:20:5-44
MERGED from [androidx.drawerlayout:drawerlayout:1.0.0] AndroidManifest.xml:20:5-44
MERGED from [androidx.slidingpanelayout:slidingpanelayout:1.0.0] AndroidManifest.xml:20:5-44
MERGED from [androidx.slidingpanelayout:slidingpanelayout:1.0.0] AndroidManifest.xml:20:5-44
MERGED from [androidx.customview:customview:1.0.0] AndroidManifest.xml:20:5-44
MERGED from [androidx.customview:customview:1.0.0] AndroidManifest.xml:20:5-44
MERGED from [androidx.swiperefreshlayout:swiperefreshlayout:1.0.0] AndroidManifest.xml:20:5-44
MERGED from [androidx.swiperefreshlayout:swiperefreshlayout:1.0.0] AndroidManifest.xml:20:5-44
MERGED from [androidx.asynclayoutinflater:asynclayoutinflater:1.0.0] AndroidManifest.xml:20:5-44
MERGED from [androidx.asynclayoutinflater:asynclayoutinflater:1.0.0] AndroidManifest.xml:20:5-44
MERGED from [androidx.loader:loader:1.0.0] AndroidManifest.xml:20:5-44
MERGED from [androidx.loader:loader:1.0.0] AndroidManifest.xml:20:5-44
MERGED from [androidx.core:core:1.0.0] AndroidManifest.xml:20:5-44
MERGED from [androidx.core:core:1.0.0] AndroidManifest.xml:20:5-44
MERGED from [androidx.lifecycle:lifecycle-runtime:2.0.0] AndroidManifest.xml:20:5-44
MERGED from [androidx.lifecycle:lifecycle-runtime:2.0.0] AndroidManifest.xml:20:5-44
MERGED from [androidx.versionedparcelable:versionedparcelable:1.0.0] AndroidManifest.xml:20:5-44
MERGED from [androidx.versionedparcelable:versionedparcelable:1.0.0] AndroidManifest.xml:20:5-44
MERGED from [com.contrarywind:wheelview:4.0.8] AndroidManifest.xml:7:5-9:41
MERGED from [com.contrarywind:wheelview:4.0.8] AndroidManifest.xml:7:5-9:41
MERGED from [androidx.cursoradapter:cursoradapter:1.0.0] AndroidManifest.xml:20:5-44
MERGED from [androidx.cursoradapter:cursoradapter:1.0.0] AndroidManifest.xml:20:5-44
MERGED from [androidx.interpolator:interpolator:1.0.0] AndroidManifest.xml:20:5-44
MERGED from [androidx.interpolator:interpolator:1.0.0] AndroidManifest.xml:20:5-44
MERGED from [androidx.documentfile:documentfile:1.0.0] AndroidManifest.xml:20:5-44
MERGED from [androidx.documentfile:documentfile:1.0.0] AndroidManifest.xml:20:5-44
MERGED from [androidx.localbroadcastmanager:localbroadcastmanager:1.0.0] AndroidManifest.xml:20:5-44
MERGED from [androidx.localbroadcastmanager:localbroadcastmanager:1.0.0] AndroidManifest.xml:20:5-44
MERGED from [androidx.print:print:1.0.0] AndroidManifest.xml:20:5-44
MERGED from [androidx.print:print:1.0.0] AndroidManifest.xml:20:5-44
MERGED from [androidx.lifecycle:lifecycle-viewmodel:2.0.0] AndroidManifest.xml:20:5-44
MERGED from [androidx.lifecycle:lifecycle-viewmodel:2.0.0] AndroidManifest.xml:20:5-44
MERGED from [androidx.lifecycle:lifecycle-livedata:2.0.0] AndroidManifest.xml:20:5-44
MERGED from [androidx.lifecycle:lifecycle-livedata:2.0.0] AndroidManifest.xml:20:5-44
MERGED from [androidx.lifecycle:lifecycle-livedata-core:2.0.0] AndroidManifest.xml:20:5-44
MERGED from [androidx.lifecycle:lifecycle-livedata-core:2.0.0] AndroidManifest.xml:20:5-44
MERGED from [androidx.arch.core:core-runtime:2.0.0] AndroidManifest.xml:20:5-44
MERGED from [androidx.arch.core:core-runtime:2.0.0] AndroidManifest.xml:20:5-44
INJECTED from src\main\AndroidManifest.xml
INJECTED from src\main\AndroidManifest.xml
	android:targetSdkVersion
		INJECTED from src\main\AndroidManifest.xml
		ADDED from src\main\AndroidManifest.xml
		INJECTED from src\main\AndroidManifest.xml
	android:minSdkVersion
		INJECTED from src\main\AndroidManifest.xml
		ADDED from src\main\AndroidManifest.xml
		INJECTED from src\main\AndroidManifest.xml
uses-permission#android.permission.CHANGE_WIFI_STATE
ADDED from [:work-frame-library] AndroidManifest.xml:12:5-76
	android:name
		ADDED from [:work-frame-library] AndroidManifest.xml:12:22-73
uses-permission#android.permission.ACCESS_WIFI_STATE
ADDED from [:work-frame-library] AndroidManifest.xml:14:5-76
	android:name
		ADDED from [:work-frame-library] AndroidManifest.xml:14:22-73
activity#pub.devrel.easypermissions.AppSettingsDialogHolderActivity
ADDED from [pub.devrel:easypermissions:1.3.0] AndroidManifest.xml:12:9-16:66
	android:label
		ADDED from [pub.devrel:easypermissions:1.3.0] AndroidManifest.xml:15:13-29
	android:exported
		ADDED from [pub.devrel:easypermissions:1.3.0] AndroidManifest.xml:14:13-37
	android:theme
		ADDED from [pub.devrel:easypermissions:1.3.0] AndroidManifest.xml:16:13-63
	android:name
		ADDED from [pub.devrel:easypermissions:1.3.0] AndroidManifest.xml:13:13-86
provider#razerdp.basepopup.BasePopupRuntimeTrojanProvider
ADDED from [com.github.razerdp:BasePopup:2.2.1] AndroidManifest.xml:12:9-16:44
	android:authorities
		ADDED from [com.github.razerdp:BasePopup:2.2.1] AndroidManifest.xml:14:13-68
	android:multiprocess
		ADDED from [com.github.razerdp:BasePopup:2.2.1] AndroidManifest.xml:16:13-41
	android:exported
		ADDED from [com.github.razerdp:BasePopup:2.2.1] AndroidManifest.xml:15:13-37
	android:name
		ADDED from [com.github.razerdp:BasePopup:2.2.1] AndroidManifest.xml:13:13-76
meta-data#android.notch_support
ADDED from [com.lxj:xpermission:1.0.1] AndroidManifest.xml:12:9-14:36
	android:value
		ADDED from [com.lxj:xpermission:1.0.1] AndroidManifest.xml:14:13-33
	android:name
		ADDED from [com.lxj:xpermission:1.0.1] AndroidManifest.xml:13:13-49
activity#com.lxj.xpermission.XPermission$PermissionActivity
ADDED from [com.lxj:xpermission:1.0.1] AndroidManifest.xml:17:9-19:75
	android:theme
		ADDED from [com.lxj:xpermission:1.0.1] AndroidManifest.xml:19:13-72
	android:name
		ADDED from [com.lxj:xpermission:1.0.1] AndroidManifest.xml:18:13-78